{"C:\\Users\\kally\\Desktop\\gestao-config\\app.js": {"path":"C:\\Users\\kally\\Desktop\\gestao-config\\app.js","statementMap":{"0":{"start":{"line":1,"column":16},"end":{"line":1,"column":34}},"1":{"start":{"line":2,"column":12},"end":{"line":2,"column":21}},"2":{"start":{"line":3,"column":13},"end":{"line":3,"column":17}},"3":{"start":{"line":5,"column":0},"end":{"line":5,"column":24}},"4":{"start":{"line":7,"column":17},"end":{"line":10,"column":1}},"5":{"start":{"line":12,"column":0},"end":{"line":14,"column":3}},"6":{"start":{"line":13,"column":4},"end":{"line":13,"column":25}},"7":{"start":{"line":16,"column":0},"end":{"line":32,"column":3}},"8":{"start":{"line":17,"column":36},"end":{"line":17,"column":44}},"9":{"start":{"line":19,"column":4},"end":{"line":21,"column":5}},"10":{"start":{"line":20,"column":8},"end":{"line":20,"column":84}},"11":{"start":{"line":23,"column":24},"end":{"line":28,"column":5}},"12":{"start":{"line":30,"column":4},"end":{"line":30,"column":33}},"13":{"start":{"line":31,"column":4},"end":{"line":31,"column":38}},"14":{"start":{"line":34,"column":0},"end":{"line":44,"column":3}},"15":{"start":{"line":35,"column":15},"end":{"line":35,"column":38}},"16":{"start":{"line":36,"column":25},"end":{"line":36,"column":77}},"17":{"start":{"line":36,"column":59},"end":{"line":36,"column":76}},"18":{"start":{"line":38,"column":4},"end":{"line":40,"column":5}},"19":{"start":{"line":39,"column":8},"end":{"line":39,"column":74}},"20":{"start":{"line":42,"column":4},"end":{"line":42,"column":39}},"21":{"start":{"line":43,"column":4},"end":{"line":43,"column":27}},"22":{"start":{"line":47,"column":0},"end":{"line":47,"column":21}}},"fnMap":{"0":{"name":"(anonymous_0)","decl":{"start":{"line":12,"column":28},"end":{"line":12,"column":29}},"loc":{"start":{"line":12,"column":42},"end":{"line":14,"column":1}},"line":12},"1":{"name":"(anonymous_1)","decl":{"start":{"line":16,"column":29},"end":{"line":16,"column":30}},"loc":{"start":{"line":16,"column":43},"end":{"line":32,"column":1}},"line":16},"2":{"name":"(anonymous_2)","decl":{"start":{"line":34,"column":35},"end":{"line":34,"column":36}},"loc":{"start":{"line":34,"column":49},"end":{"line":44,"column":1}},"line":34},"3":{"name":"(anonymous_3)","decl":{"start":{"line":36,"column":46},"end":{"line":36,"column":47}},"loc":{"start":{"line":36,"column":59},"end":{"line":36,"column":76}},"line":36}},"branchMap":{"0":{"loc":{"start":{"line":19,"column":4},"end":{"line":21,"column":5}},"type":"if","locations":[{"start":{"line":19,"column":4},"end":{"line":21,"column":5}},{"start":{},"end":{}}],"line":19},"1":{"loc":{"start":{"line":19,"column":8},"end":{"line":19,"column":34}},"type":"binary-expr","locations":[{"start":{"line":19,"column":8},"end":{"line":19,"column":13}},{"start":{"line":19,"column":17},"end":{"line":19,"column":24}},{"start":{"line":19,"column":28},"end":{"line":19,"column":34}}],"line":19},"2":{"loc":{"start":{"line":38,"column":4},"end":{"line":40,"column":5}},"type":"if","locations":[{"start":{"line":38,"column":4},"end":{"line":40,"column":5}},{"start":{},"end":{}}],"line":38}},"s":{"0":1,"1":1,"2":1,"3":1,"4":1,"5":1,"6":1,"7":1,"8":2,"9":2,"10":1,"11":1,"12":1,"13":1,"14":1,"15":2,"16":2,"17":3,"18":2,"19":1,"20":1,"21":1,"22":1},"f":{"0":1,"1":2,"2":2,"3":3},"b":{"0":[1,1],"1":[2,2,1],"2":[1,1]},"_coverageSchema":"1a1c01bbd47fc00a2c39e90264f33305004495a9","hash":"b24c1b06b707d30a36f7f511b9fd95d32c3bfa41"}
}
